2025-10-29T10:16:09.165+05:30  INFO 20556 --- [grocery-ecommerce] [main] com.samuela.grocery.App                  : Starting App using Java 17.0.16 with PID 20556 (D:\Samuela\DTCC\Guvi capstone 2\Online Grocery Shop\grocery-spring\target\classes started by Samuela Abigail in D:\Samuela\DTCC\Guvi capstone 2\Online Grocery Shop\grocery-spring)
2025-10-29T10:16:09.180+05:30  INFO 20556 --- [grocery-ecommerce] [main] com.samuela.grocery.App                  : No active profile set, falling back to 1 default profile: "default"
2025-10-29T10:16:10.213+05:30  INFO 20556 --- [grocery-ecommerce] [main] .s.d.r.c.RepositoryConfigurationDelegate : Bootstrapping Spring Data JPA repositories in DEFAULT mode.
2025-10-29T10:16:10.319+05:30  INFO 20556 --- [grocery-ecommerce] [main] .s.d.r.c.RepositoryConfigurationDelegate : Finished Spring Data repository scanning in 89 ms. Found 8 JPA repository interfaces.
2025-10-29T10:16:11.050+05:30  INFO 20556 --- [grocery-ecommerce] [main] o.s.b.w.embedded.tomcat.TomcatWebServer  : Tomcat initialized with port 55420 (http)
2025-10-29T10:16:11.066+05:30  INFO 20556 --- [grocery-ecommerce] [main] o.apache.catalina.core.StandardService   : Starting service [Tomcat]
2025-10-29T10:16:11.066+05:30  INFO 20556 --- [grocery-ecommerce] [main] o.apache.catalina.core.StandardEngine    : Starting Servlet engine: [Apache Tomcat/10.1.44]
2025-10-29T10:16:11.138+05:30  INFO 20556 --- [grocery-ecommerce] [main] o.a.c.c.C.[.[.[/grocery-project]         : Initializing Spring embedded WebApplicationContext
2025-10-29T10:16:11.139+05:30  INFO 20556 --- [grocery-ecommerce] [main] w.s.c.ServletWebServerApplicationContext : Root WebApplicationContext: initialization completed in 1872 ms
2025-10-29T10:16:11.298+05:30  INFO 20556 --- [grocery-ecommerce] [main] o.hibernate.jpa.internal.util.LogHelper  : HHH000204: Processing PersistenceUnitInfo [name: default]
2025-10-29T10:16:11.357+05:30  INFO 20556 --- [grocery-ecommerce] [main] org.hibernate.Version                    : HHH000412: Hibernate ORM core version 6.6.26.Final
2025-10-29T10:16:11.411+05:30  INFO 20556 --- [grocery-ecommerce] [main] o.h.c.internal.RegionFactoryInitiator    : HHH000026: Second-level cache disabled
2025-10-29T10:16:11.740+05:30  INFO 20556 --- [grocery-ecommerce] [main] o.s.o.j.p.SpringPersistenceUnitInfo      : No LoadTimeWeaver setup: ignoring JPA class transformer
2025-10-29T10:16:11.774+05:30  INFO 20556 --- [grocery-ecommerce] [main] com.zaxxer.hikari.HikariDataSource       : HikariPool-1 - Starting...
2025-10-29T10:16:11.964+05:30  INFO 20556 --- [grocery-ecommerce] [main] com.zaxxer.hikari.pool.HikariPool        : HikariPool-1 - Added connection conn0: url=jdbc:h2:mem:testdb user=SA
2025-10-29T10:16:11.966+05:30  INFO 20556 --- [grocery-ecommerce] [main] com.zaxxer.hikari.HikariDataSource       : HikariPool-1 - Start completed.
2025-10-29T10:16:12.034+05:30  INFO 20556 --- [grocery-ecommerce] [main] org.hibernate.orm.connections.pooling    : HHH10001005: Database info:
	Database JDBC URL [Connecting through datasource 'HikariDataSource (HikariPool-1)']
	Database driver: undefined/unknown
	Database version: 2.3.232
	Autocommit mode: undefined/unknown
	Isolation level: undefined/unknown
	Minimum pool size: undefined/unknown
	Maximum pool size: undefined/unknown
2025-10-29T10:16:13.070+05:30  INFO 20556 --- [grocery-ecommerce] [main] o.h.e.t.j.p.i.JtaPlatformInitiator       : HHH000489: No JTA platform available (set 'hibernate.transaction.jta.platform' to enable JTA platform integration)
2025-10-29T10:16:13.135+05:30  INFO 20556 --- [grocery-ecommerce] [main] j.LocalContainerEntityManagerFactoryBean : Initialized JPA EntityManagerFactory for persistence unit 'default'
2025-10-29T10:16:13.970+05:30  WARN 20556 --- [grocery-ecommerce] [main] JpaBaseConfiguration$JpaWebConfiguration : spring.jpa.open-in-view is enabled by default. Therefore, database queries may be performed during view rendering. Explicitly configure spring.jpa.open-in-view to disable this warning
2025-10-29T10:16:14.907+05:30  WARN 20556 --- [grocery-ecommerce] [main] r$InitializeUserDetailsManagerConfigurer : Found 2 UserDetailsService beans, with names [userInfoUserDetailsServiceImpl, userDetailsService]. Global Authentication Manager will not use a UserDetailsService for username/password login. Consider publishing a single UserDetailsService bean.
2025-10-29T10:16:15.298+05:30  INFO 20556 --- [grocery-ecommerce] [main] o.s.b.a.h2.H2ConsoleAutoConfiguration    : H2 console available at '/h2-console'. Database available at 'jdbc:h2:mem:testdb'
2025-10-29T10:16:15.474+05:30  INFO 20556 --- [grocery-ecommerce] [main] o.s.b.w.embedded.tomcat.TomcatWebServer  : Tomcat started on port 55420 (http) with context path '/grocery-project'
2025-10-29T10:16:15.490+05:30  INFO 20556 --- [grocery-ecommerce] [main] com.samuela.grocery.App                  : Started App in 6.805 seconds (process running for 7.246)
2025-10-29T10:20:37.276+05:30  INFO 20556 --- [grocery-ecommerce] [http-nio-55420-exec-1] o.a.c.c.C.[.[.[/grocery-project]         : Initializing Spring DispatcherServlet 'dispatcherServlet'
2025-10-29T10:20:37.277+05:30  INFO 20556 --- [grocery-ecommerce] [http-nio-55420-exec-1] o.s.web.servlet.DispatcherServlet        : Initializing Servlet 'dispatcherServlet'
2025-10-29T10:20:37.281+05:30  INFO 20556 --- [grocery-ecommerce] [http-nio-55420-exec-1] o.s.web.servlet.DispatcherServlet        : Completed initialization in 4 ms
2025-10-29T10:20:37.422+05:30  INFO 20556 --- [grocery-ecommerce] [http-nio-55420-exec-1] c.s.g.controller.ProductController       : Fetching all products...
2025-10-29T10:20:37.731+05:30  INFO 20556 --- [grocery-ecommerce] [http-nio-55420-exec-1] c.s.g.controller.ProductController       : Found 11 products.
2025-10-29T10:21:14.488+05:30  INFO 20556 --- [grocery-ecommerce] [http-nio-55420-exec-4] c.s.grocery.controller.AuthController    : in authentication endpoint ....
2025-10-29T10:21:18.964+05:30  INFO 20556 --- [grocery-ecommerce] [http-nio-55420-exec-7] c.s.g.c.CategoryPromotionController      : Fetching all active category promotions...
2025-10-29T10:21:18.966+05:30  INFO 20556 --- [grocery-ecommerce] [http-nio-55420-exec-8] c.s.g.controller.ProductController       : Fetching all products...
2025-10-29T10:21:18.974+05:30  INFO 20556 --- [grocery-ecommerce] [http-nio-55420-exec-8] c.s.g.controller.ProductController       : Found 11 products.
2025-10-29T10:21:18.980+05:30  INFO 20556 --- [grocery-ecommerce] [http-nio-55420-exec-7] c.s.g.c.CategoryPromotionController      : Found 1 active promotions.
2025-10-29T10:21:25.936+05:30  INFO 20556 --- [grocery-ecommerce] [http-nio-55420-exec-10] c.s.g.c.CategoryPromotionController      : Fetching all category promotions (active + inactive)...
2025-10-29T10:21:25.943+05:30  INFO 20556 --- [grocery-ecommerce] [http-nio-55420-exec-10] c.s.g.c.CategoryPromotionController      : Found 4 promotions.
2025-10-29T10:21:32.334+05:30  INFO 20556 --- [grocery-ecommerce] [http-nio-55420-exec-1] c.s.g.c.CategoryPromotionController      : Deleting promotion with ID: 4
2025-10-29T10:21:32.996+05:30  INFO 20556 --- [grocery-ecommerce] [http-nio-55420-exec-1] c.s.g.c.CategoryPromotionController      : Promotion deleted successfully with ID: 4
2025-10-29T10:21:34.440+05:30  INFO 20556 --- [grocery-ecommerce] [http-nio-55420-exec-3] c.s.g.c.CategoryPromotionController      : Fetching all category promotions (active + inactive)...
2025-10-29T10:21:34.443+05:30  INFO 20556 --- [grocery-ecommerce] [http-nio-55420-exec-3] c.s.g.c.CategoryPromotionController      : Found 3 promotions.
2025-10-29T10:21:58.315+05:30  INFO 20556 --- [grocery-ecommerce] [http-nio-55420-exec-6] c.s.g.c.CategoryPromotionController      : Creating new category promotion for category: Fruits
2025-10-29T10:21:58.360+05:30  INFO 20556 --- [grocery-ecommerce] [http-nio-55420-exec-6] c.s.g.c.CategoryPromotionController      : Category promotion created successfully with ID: 5
2025-10-29T10:22:01.342+05:30  INFO 20556 --- [grocery-ecommerce] [http-nio-55420-exec-5] c.s.g.c.CategoryPromotionController      : Fetching all category promotions (active + inactive)...
2025-10-29T10:22:01.348+05:30  INFO 20556 --- [grocery-ecommerce] [http-nio-55420-exec-5] c.s.g.c.CategoryPromotionController      : Found 4 promotions.
2025-10-29T10:22:14.507+05:30  INFO 20556 --- [grocery-ecommerce] [http-nio-55420-exec-7] c.s.g.c.CategoryPromotionController      : Fetching all active category promotions...
2025-10-29T10:22:14.511+05:30  INFO 20556 --- [grocery-ecommerce] [http-nio-55420-exec-7] c.s.g.c.CategoryPromotionController      : Found 2 active promotions.
2025-10-29T10:22:14.514+05:30  INFO 20556 --- [grocery-ecommerce] [http-nio-55420-exec-8] c.s.g.controller.ProductController       : Fetching all products...
2025-10-29T10:22:14.518+05:30  INFO 20556 --- [grocery-ecommerce] [http-nio-55420-exec-8] c.s.g.controller.ProductController       : Found 11 products.
2025-10-29T10:22:32.886+05:30  INFO 20556 --- [grocery-ecommerce] [http-nio-55420-exec-9] c.s.g.c.CategoryPromotionController      : Fetching all category promotions (active + inactive)...
2025-10-29T10:22:32.890+05:30  INFO 20556 --- [grocery-ecommerce] [http-nio-55420-exec-9] c.s.g.c.CategoryPromotionController      : Found 4 promotions.
2025-10-29T10:22:52.683+05:30  INFO 20556 --- [grocery-ecommerce] [http-nio-55420-exec-10] c.s.g.c.CategoryPromotionController      : Creating new category promotion for category: Fruits
2025-10-29T10:22:52.688+05:30  INFO 20556 --- [grocery-ecommerce] [http-nio-55420-exec-10] c.s.g.c.CategoryPromotionController      : Category promotion created successfully with ID: 6
2025-10-29T10:22:54.195+05:30  INFO 20556 --- [grocery-ecommerce] [http-nio-55420-exec-2] c.s.g.c.CategoryPromotionController      : Fetching all category promotions (active + inactive)...
2025-10-29T10:22:54.198+05:30  INFO 20556 --- [grocery-ecommerce] [http-nio-55420-exec-2] c.s.g.c.CategoryPromotionController      : Found 5 promotions.
2025-10-29T10:23:00.729+05:30  INFO 20556 --- [grocery-ecommerce] [http-nio-55420-exec-3] c.s.g.c.CategoryPromotionController      : Fetching all active category promotions...
2025-10-29T10:23:00.730+05:30  INFO 20556 --- [grocery-ecommerce] [http-nio-55420-exec-1] c.s.g.controller.ProductController       : Fetching all products...
2025-10-29T10:23:00.732+05:30  INFO 20556 --- [grocery-ecommerce] [http-nio-55420-exec-3] c.s.g.c.CategoryPromotionController      : Found 3 active promotions.
2025-10-29T10:23:00.733+05:30  INFO 20556 --- [grocery-ecommerce] [http-nio-55420-exec-1] c.s.g.controller.ProductController       : Found 11 products.
2025-10-29T10:23:19.523+05:30  INFO 20556 --- [grocery-ecommerce] [http-nio-55420-exec-3] o.springdoc.api.AbstractOpenApiResource  : Init duration for springdoc-openapi is: 774 ms
2025-10-29T10:28:48.454+05:30  INFO 20556 --- [grocery-ecommerce] [http-nio-55420-exec-2] c.s.g.controller.ProductController       : Fetching all products...
2025-10-29T10:28:48.454+05:30  INFO 20556 --- [grocery-ecommerce] [http-nio-55420-exec-1] c.s.g.c.CategoryPromotionController      : Fetching all active category promotions...
2025-10-29T10:28:48.458+05:30  INFO 20556 --- [grocery-ecommerce] [http-nio-55420-exec-1] c.s.g.c.CategoryPromotionController      : Found 3 active promotions.
2025-10-29T10:28:48.459+05:30  INFO 20556 --- [grocery-ecommerce] [http-nio-55420-exec-2] c.s.g.controller.ProductController       : Found 11 products.
2025-10-29T10:30:30.758+05:30  INFO 11508 --- [grocery-ecommerce] [main] com.samuela.grocery.App                  : Starting App using Java 17.0.16 with PID 11508 (D:\Samuela\DTCC\Guvi capstone 2\Online Grocery Shop\grocery-spring\target\classes started by Samuela Abigail in D:\Samuela\DTCC\Guvi capstone 2\Online Grocery Shop\grocery-spring)
2025-10-29T10:30:30.761+05:30  INFO 11508 --- [grocery-ecommerce] [main] com.samuela.grocery.App                  : No active profile set, falling back to 1 default profile: "default"
2025-10-29T10:30:31.714+05:30  INFO 11508 --- [grocery-ecommerce] [main] .s.d.r.c.RepositoryConfigurationDelegate : Bootstrapping Spring Data JPA repositories in DEFAULT mode.
2025-10-29T10:30:31.802+05:30  INFO 11508 --- [grocery-ecommerce] [main] .s.d.r.c.RepositoryConfigurationDelegate : Finished Spring Data repository scanning in 76 ms. Found 8 JPA repository interfaces.
2025-10-29T10:30:32.526+05:30  INFO 11508 --- [grocery-ecommerce] [main] o.s.b.w.embedded.tomcat.TomcatWebServer  : Tomcat initialized with port 55420 (http)
2025-10-29T10:30:32.541+05:30  INFO 11508 --- [grocery-ecommerce] [main] o.apache.catalina.core.StandardService   : Starting service [Tomcat]
2025-10-29T10:30:32.541+05:30  INFO 11508 --- [grocery-ecommerce] [main] o.apache.catalina.core.StandardEngine    : Starting Servlet engine: [Apache Tomcat/10.1.44]
2025-10-29T10:30:32.614+05:30  INFO 11508 --- [grocery-ecommerce] [main] o.a.c.c.C.[.[.[/grocery-project]         : Initializing Spring embedded WebApplicationContext
2025-10-29T10:30:32.614+05:30  INFO 11508 --- [grocery-ecommerce] [main] w.s.c.ServletWebServerApplicationContext : Root WebApplicationContext: initialization completed in 1805 ms
2025-10-29T10:30:32.763+05:30  INFO 11508 --- [grocery-ecommerce] [main] o.hibernate.jpa.internal.util.LogHelper  : HHH000204: Processing PersistenceUnitInfo [name: default]
2025-10-29T10:30:32.818+05:30  INFO 11508 --- [grocery-ecommerce] [main] org.hibernate.Version                    : HHH000412: Hibernate ORM core version 6.6.26.Final
2025-10-29T10:30:32.871+05:30  INFO 11508 --- [grocery-ecommerce] [main] o.h.c.internal.RegionFactoryInitiator    : HHH000026: Second-level cache disabled
2025-10-29T10:30:33.166+05:30  INFO 11508 --- [grocery-ecommerce] [main] o.s.o.j.p.SpringPersistenceUnitInfo      : No LoadTimeWeaver setup: ignoring JPA class transformer
2025-10-29T10:30:33.197+05:30  INFO 11508 --- [grocery-ecommerce] [main] com.zaxxer.hikari.HikariDataSource       : HikariPool-1 - Starting...
2025-10-29T10:30:33.364+05:30  INFO 11508 --- [grocery-ecommerce] [main] com.zaxxer.hikari.pool.HikariPool        : HikariPool-1 - Added connection conn0: url=jdbc:h2:mem:testdb user=SA
2025-10-29T10:30:33.370+05:30  INFO 11508 --- [grocery-ecommerce] [main] com.zaxxer.hikari.HikariDataSource       : HikariPool-1 - Start completed.
2025-10-29T10:30:33.439+05:30  INFO 11508 --- [grocery-ecommerce] [main] org.hibernate.orm.connections.pooling    : HHH10001005: Database info:
	Database JDBC URL [Connecting through datasource 'HikariDataSource (HikariPool-1)']
	Database driver: undefined/unknown
	Database version: 2.3.232
	Autocommit mode: undefined/unknown
	Isolation level: undefined/unknown
	Minimum pool size: undefined/unknown
	Maximum pool size: undefined/unknown
2025-10-29T10:30:34.408+05:30  INFO 11508 --- [grocery-ecommerce] [main] o.h.e.t.j.p.i.JtaPlatformInitiator       : HHH000489: No JTA platform available (set 'hibernate.transaction.jta.platform' to enable JTA platform integration)
2025-10-29T10:30:34.471+05:30  INFO 11508 --- [grocery-ecommerce] [main] j.LocalContainerEntityManagerFactoryBean : Initialized JPA EntityManagerFactory for persistence unit 'default'
2025-10-29T10:30:35.261+05:30  WARN 11508 --- [grocery-ecommerce] [main] JpaBaseConfiguration$JpaWebConfiguration : spring.jpa.open-in-view is enabled by default. Therefore, database queries may be performed during view rendering. Explicitly configure spring.jpa.open-in-view to disable this warning
2025-10-29T10:30:36.163+05:30  WARN 11508 --- [grocery-ecommerce] [main] r$InitializeUserDetailsManagerConfigurer : Found 2 UserDetailsService beans, with names [userInfoUserDetailsServiceImpl, userDetailsService]. Global Authentication Manager will not use a UserDetailsService for username/password login. Consider publishing a single UserDetailsService bean.
2025-10-29T10:30:36.552+05:30  INFO 11508 --- [grocery-ecommerce] [main] o.s.b.a.h2.H2ConsoleAutoConfiguration    : H2 console available at '/h2-console'. Database available at 'jdbc:h2:mem:testdb'
2025-10-29T10:30:36.676+05:30  INFO 11508 --- [grocery-ecommerce] [main] o.s.b.w.embedded.tomcat.TomcatWebServer  : Tomcat started on port 55420 (http) with context path '/grocery-project'
2025-10-29T10:30:36.689+05:30  INFO 11508 --- [grocery-ecommerce] [main] com.samuela.grocery.App                  : Started App in 6.416 seconds (process running for 6.767)
2025-10-29T10:30:46.323+05:30  INFO 11508 --- [grocery-ecommerce] [http-nio-55420-exec-1] o.a.c.c.C.[.[.[/grocery-project]         : Initializing Spring DispatcherServlet 'dispatcherServlet'
2025-10-29T10:30:46.323+05:30  INFO 11508 --- [grocery-ecommerce] [http-nio-55420-exec-1] o.s.web.servlet.DispatcherServlet        : Initializing Servlet 'dispatcherServlet'
2025-10-29T10:30:46.325+05:30  INFO 11508 --- [grocery-ecommerce] [http-nio-55420-exec-1] o.s.web.servlet.DispatcherServlet        : Completed initialization in 1 ms
2025-10-29T10:30:48.002+05:30  INFO 11508 --- [grocery-ecommerce] [http-nio-55420-exec-9] o.springdoc.api.AbstractOpenApiResource  : Init duration for springdoc-openapi is: 990 ms
2025-10-29T10:30:49.366+05:30  INFO 11508 --- [grocery-ecommerce] [http-nio-55420-exec-10] c.s.g.controller.ProductController       : Fetching all products...
2025-10-29T10:30:49.366+05:30  INFO 11508 --- [grocery-ecommerce] [http-nio-55420-exec-1] c.s.g.c.CategoryPromotionController      : Fetching all active category promotions...
2025-10-29T10:30:49.373+05:30  INFO 11508 --- [grocery-ecommerce] [http-nio-55420-exec-1] c.s.g.c.CategoryPromotionController      : Found 1 active promotions.
2025-10-29T10:30:49.410+05:30  INFO 11508 --- [grocery-ecommerce] [http-nio-55420-exec-10] c.s.g.controller.ProductController       : Found 11 products.
2025-10-29T10:30:57.156+05:30  INFO 11508 --- [grocery-ecommerce] [http-nio-55420-exec-2] c.s.g.c.CategoryPromotionController      : Fetching all category promotions (active + inactive)...
2025-10-29T10:30:57.161+05:30  INFO 11508 --- [grocery-ecommerce] [http-nio-55420-exec-2] c.s.g.c.CategoryPromotionController      : Found 4 promotions.
2025-10-29T10:31:16.597+05:30  INFO 11508 --- [grocery-ecommerce] [http-nio-55420-exec-3] c.s.g.c.CategoryPromotionController      : Creating new category promotion for category: Fruits
2025-10-29T10:31:16.648+05:30  WARN 11508 --- [grocery-ecommerce] [http-nio-55420-exec-3] o.h.engine.jdbc.spi.SqlExceptionHelper   : SQL Error: 23505, SQLState: 23505
2025-10-29T10:31:16.649+05:30 ERROR 11508 --- [grocery-ecommerce] [http-nio-55420-exec-3] o.h.engine.jdbc.spi.SqlExceptionHelper   : Unique index or primary key violation: "PUBLIC.CONSTRAINT_INDEX_4 ON PUBLIC.CATEGORY_PROMOTIONS(CATEGORY NULLS FIRST) VALUES ( /* 1 */ 'Fruits' )"; SQL statement:
insert into category_promotions (is_active,category,discount_percentage,end_date,start_date,id) values (?,?,?,?,?,default) [23505-232]
2025-10-29T10:31:16.667+05:30 ERROR 11508 --- [grocery-ecommerce] [http-nio-55420-exec-3] c.s.g.exception.GlobalExceptionHandler   : Database error: could not execute statement [Unique index or primary key violation: "PUBLIC.CONSTRAINT_INDEX_4 ON PUBLIC.CATEGORY_PROMOTIONS(CATEGORY NULLS FIRST) VALUES ( /* 1 */ 'Fruits' )"; SQL statement:
insert into category_promotions (is_active,category,discount_percentage,end_date,start_date,id) values (?,?,?,?,?,default) [23505-232]] [insert into category_promotions (is_active,category,discount_percentage,end_date,start_date,id) values (?,?,?,?,?,default)]; SQL [insert into category_promotions (is_active,category,discount_percentage,end_date,start_date,id) values (?,?,?,?,?,default)]; constraint [PUBLIC.CONSTRAINT_INDEX_4]
2025-10-29T10:31:52.928+05:30  INFO 11508 --- [grocery-ecommerce] [http-nio-55420-exec-1] c.s.g.c.CategoryPromotionController      : Creating new category promotion for category: Snacks
2025-10-29T10:31:52.933+05:30  WARN 11508 --- [grocery-ecommerce] [http-nio-55420-exec-1] o.h.engine.jdbc.spi.SqlExceptionHelper   : SQL Error: 23505, SQLState: 23505
2025-10-29T10:31:52.934+05:30 ERROR 11508 --- [grocery-ecommerce] [http-nio-55420-exec-1] o.h.engine.jdbc.spi.SqlExceptionHelper   : Unique index or primary key violation: "PUBLIC.CONSTRAINT_INDEX_4 ON PUBLIC.CATEGORY_PROMOTIONS(CATEGORY NULLS FIRST) VALUES ( /* 4 */ 'Snacks' )"; SQL statement:
insert into category_promotions (is_active,category,discount_percentage,end_date,start_date,id) values (?,?,?,?,?,default) [23505-232]
2025-10-29T10:31:52.936+05:30 ERROR 11508 --- [grocery-ecommerce] [http-nio-55420-exec-1] c.s.g.exception.GlobalExceptionHandler   : Database error: could not execute statement [Unique index or primary key violation: "PUBLIC.CONSTRAINT_INDEX_4 ON PUBLIC.CATEGORY_PROMOTIONS(CATEGORY NULLS FIRST) VALUES ( /* 4 */ 'Snacks' )"; SQL statement:
insert into category_promotions (is_active,category,discount_percentage,end_date,start_date,id) values (?,?,?,?,?,default) [23505-232]] [insert into category_promotions (is_active,category,discount_percentage,end_date,start_date,id) values (?,?,?,?,?,default)]; SQL [insert into category_promotions (is_active,category,discount_percentage,end_date,start_date,id) values (?,?,?,?,?,default)]; constraint [PUBLIC.CONSTRAINT_INDEX_4]
2025-10-29T10:31:57.020+05:30  INFO 11508 --- [grocery-ecommerce] [http-nio-55420-exec-10] c.s.g.c.CategoryPromotionController      : Deleting promotion with ID: 4
2025-10-29T10:31:57.601+05:30  INFO 11508 --- [grocery-ecommerce] [http-nio-55420-exec-10] c.s.g.c.CategoryPromotionController      : Promotion deleted successfully with ID: 4
2025-10-29T10:31:59.013+05:30  INFO 11508 --- [grocery-ecommerce] [http-nio-55420-exec-2] c.s.g.c.CategoryPromotionController      : Fetching all category promotions (active + inactive)...
2025-10-29T10:31:59.019+05:30  INFO 11508 --- [grocery-ecommerce] [http-nio-55420-exec-2] c.s.g.c.CategoryPromotionController      : Found 3 promotions.
2025-10-29T10:32:01.240+05:30  INFO 11508 --- [grocery-ecommerce] [http-nio-55420-exec-3] c.s.g.c.CategoryPromotionController      : Creating new category promotion for category: Snacks
2025-10-29T10:32:01.256+05:30  INFO 11508 --- [grocery-ecommerce] [http-nio-55420-exec-3] c.s.g.c.CategoryPromotionController      : Category promotion created successfully with ID: 7
2025-10-29T10:32:02.730+05:30  INFO 11508 --- [grocery-ecommerce] [http-nio-55420-exec-4] c.s.g.c.CategoryPromotionController      : Fetching all category promotions (active + inactive)...
2025-10-29T10:32:02.735+05:30  INFO 11508 --- [grocery-ecommerce] [http-nio-55420-exec-4] c.s.g.c.CategoryPromotionController      : Found 4 promotions.
2025-10-29T10:33:22.498+05:30  INFO 11508 --- [grocery-ecommerce] [http-nio-55420-exec-8] c.s.g.c.CategoryPromotionController      : Fetching all active category promotions...
2025-10-29T10:33:22.498+05:30  INFO 11508 --- [grocery-ecommerce] [http-nio-55420-exec-6] c.s.g.controller.ProductController       : Fetching all products...
2025-10-29T10:33:22.501+05:30  INFO 11508 --- [grocery-ecommerce] [http-nio-55420-exec-8] c.s.g.c.CategoryPromotionController      : Found 2 active promotions.
2025-10-29T10:33:22.502+05:30  INFO 11508 --- [grocery-ecommerce] [http-nio-55420-exec-6] c.s.g.controller.ProductController       : Found 11 products.
2025-10-29T10:33:38.863+05:30  INFO 11508 --- [grocery-ecommerce] [http-nio-55420-exec-7] c.s.g.c.CategoryPromotionController      : Fetching all category promotions (active + inactive)...
2025-10-29T10:33:38.867+05:30  INFO 11508 --- [grocery-ecommerce] [http-nio-55420-exec-7] c.s.g.c.CategoryPromotionController      : Found 4 promotions.
2025-10-29T10:38:38.223+05:30  INFO 11508 --- [grocery-ecommerce] [http-nio-55420-exec-10] c.s.g.c.CategoryPromotionController      : Fetching all category promotions (active + inactive)...
2025-10-29T10:38:38.231+05:30  INFO 11508 --- [grocery-ecommerce] [http-nio-55420-exec-10] c.s.g.c.CategoryPromotionController      : Found 4 promotions.
2025-10-29T10:40:49.007+05:30  INFO 11508 --- [grocery-ecommerce] [http-nio-55420-exec-3] c.s.g.c.CategoryPromotionController      : Fetching all category promotions (active + inactive)...
2025-10-29T10:40:49.013+05:30  INFO 11508 --- [grocery-ecommerce] [http-nio-55420-exec-3] c.s.g.c.CategoryPromotionController      : Found 4 promotions.
